<?xml version="1.0" encoding="utf-8"?><testsuites name="pytest tests"><testsuite name="pytest" errors="0" failures="0" skipped="0" tests="10" time="3.037" timestamp="2026-03-12T02:42:13.395972+00:00" hostname="agent-env-729d6b13-1191-454b-9191-05ae7225ee4f"><testcase classname="backend.tests.test_signup_mobile.TestHealthCheck" name="test_api_health" time="0.278" /><testcase classname="backend.tests.test_signup_mobile.TestAuthSignup" name="test_signup_with_mobile_field" time="0.384" /><testcase classname="backend.tests.test_signup_mobile.TestAuthSignup" name="test_signup_requires_referral_code" time="0.102" /><testcase classname="backend.tests.test_signup_mobile.TestAuthSignup" name="test_signup_validates_mobile_optional" time="0.337" /><testcase classname="backend.tests.test_signup_mobile.TestAuthLogin" name="test_admin_login" time="0.332" /><testcase classname="backend.tests.test_signup_mobile.TestAuthLogin" name="test_user_login" time="0.331" /><testcase classname="backend.tests.test_signup_mobile.TestAuthLogin" name="test_invalid_login" time="0.105" /><testcase classname="backend.tests.test_signup_mobile.TestAuthMe" name="test_get_current_user" time="0.447" /><testcase classname="backend.tests.test_signup_mobile.TestPackages" name="test_get_packages" time="0.170" /><testcase classname="backend.tests.test_signup_mobile.TestAdminDashboard" name="test_admin_dashboard_stats" time="0.450" /></testsuite></testsuites>